2024-11-13 21:38:12,946 - __main__ - INFO - Added new user: master_admin
2024-11-13 21:38:13,071 - __main__ - INFO - Added new user: local_admin_1
2024-11-13 21:38:13,196 - __main__ - INFO - Added new user: local_admin_2
2024-11-13 21:38:13,320 - __main__ - INFO - Updated user: local_admin_2
2024-11-13 21:38:13,430 - __main__ - INFO - Added new user: student_11
2024-11-13 21:38:13,555 - __main__ - INFO - Added new user: student_12
2024-11-13 21:38:13,680 - __main__ - INFO - Added new user: student_13
2024-11-13 21:38:13,789 - __main__ - INFO - Added new user: student_14
2024-11-13 21:38:13,930 - __main__ - INFO - Added new user: student_15
2024-11-13 21:38:14,039 - __main__ - INFO - Added new user: student_2
2024-11-13 21:38:14,164 - __main__ - INFO - Added new user: student_3
2024-11-13 21:38:14,273 - __main__ - INFO - Added new user: student_4
2024-11-13 21:38:14,398 - __main__ - INFO - Added new user: student_5
2024-11-13 21:38:14,523 - __main__ - INFO - Added new user: student_6
2024-11-13 21:38:14,648 - __main__ - INFO - Added new user: student_7
2024-11-13 21:38:14,758 - __main__ - INFO - Added new user: student_8
2024-11-13 21:38:14,758 - __main__ - INFO - Added new poll: What is your preferred software development methodology?
2024-11-13 21:38:14,773 - __main__ - INFO - Added new poll: Which architectural style do you favor for building scalable applications?
2024-11-13 21:38:14,773 - __main__ - INFO - Added new poll: What is the most important factor when choosing a software architecture?
2024-11-13 21:38:14,773 - __main__ - INFO - Added new poll: Which programming paradigm do you prefer for software development?
2024-11-13 21:38:14,773 - __main__ - INFO - Added new poll: How often do you think software architecture should be reviewed and updated?
2024-11-13 21:38:14,773 - __main__ - INFO - Database initialized successfully
2024-11-13 21:38:14,789 - werkzeug - INFO - [31m[1mWARNING: This is a development server. Do not use it in a production deployment. Use a production WSGI server instead.[0m
 * Running on all addresses (0.0.0.0)
 * Running on http://127.0.0.1:5000
 * Running on http://192.168.1.103:5000
2024-11-13 21:38:14,789 - werkzeug - INFO - [33mPress CTRL+C to quit[0m
2024-11-13 21:38:18,764 - werkzeug - INFO - 127.0.0.1 - - [13/Nov/2024 21:38:18] "[32mGET / HTTP/1.1[0m" 302 -
2024-11-13 21:38:18,796 - werkzeug - INFO - 127.0.0.1 - - [13/Nov/2024 21:38:18] "GET /choose_login HTTP/1.1" 200 -
2024-11-13 21:38:20,143 - werkzeug - INFO - 127.0.0.1 - - [13/Nov/2024 21:38:20] "[33mGET /favicon.ico HTTP/1.1[0m" 404 -
2024-11-13 21:38:56,728 - app - ERROR - Exception on /login/student [POST]
Traceback (most recent call last):
  File "C:\Users\royat\AppData\Local\Programs\Python\Python312\Lib\site-packages\flask\app.py", line 1473, in wsgi_app
    response = self.full_dispatch_request()
               ^^^^^^^^^^^^^^^^^^^^^^^^^^^^
  File "C:\Users\royat\AppData\Local\Programs\Python\Python312\Lib\site-packages\flask\app.py", line 882, in full_dispatch_request
    rv = self.handle_user_exception(e)
         ^^^^^^^^^^^^^^^^^^^^^^^^^^^^^
  File "C:\Users\royat\AppData\Local\Programs\Python\Python312\Lib\site-packages\flask\app.py", line 880, in full_dispatch_request
    rv = self.dispatch_request()
         ^^^^^^^^^^^^^^^^^^^^^^^
  File "C:\Users\royat\AppData\Local\Programs\Python\Python312\Lib\site-packages\flask\app.py", line 865, in dispatch_request
    return self.ensure_sync(self.view_functions[rule.endpoint])(**view_args)  # type: ignore[no-any-return]
           ^^^^^^^^^^^^^^^^^^^^^^^^^^^^^^^^^^^^^^^^^^^^^^^^^^^^^^^^^^^^^^^^^
  File "D:\IIT jodhpur\SDE Mini Project\polling_platform\app.py", line 196, in student_login
    return self._handle_login('student', 'landing')
           ^^^^^^^^^^^^^^^^^^^^^^^^^^^^^^^^^^^^^^^^
  File "D:\IIT jodhpur\SDE Mini Project\polling_platform\app.py", line 212, in _handle_login
    login_user(user)
  File "C:\Users\royat\AppData\Local\Programs\Python\Python312\Lib\site-packages\flask_login\utils.py", line 180, in login_user
    if not force and not user.is_active:
                         ^^^^^^^^^^^^^^
AttributeError: 'User' object has no attribute 'is_active'
2024-11-13 21:38:56,728 - werkzeug - INFO - 127.0.0.1 - - [13/Nov/2024 21:38:56] "[35m[1mPOST /login/student HTTP/1.1[0m" 500 -
2024-11-13 21:39:23,355 - __main__ - INFO - Updated user: master_admin
2024-11-13 21:39:23,471 - __main__ - INFO - Updated user: local_admin_1
2024-11-13 21:39:23,588 - __main__ - INFO - Updated user: local_admin_2
2024-11-13 21:39:23,705 - __main__ - INFO - Updated user: local_admin_2
2024-11-13 21:39:23,822 - __main__ - INFO - Updated user: student_11
2024-11-13 21:39:23,939 - __main__ - INFO - Updated user: student_12
2024-11-13 21:39:24,055 - __main__ - INFO - Updated user: student_13
2024-11-13 21:39:24,172 - __main__ - INFO - Updated user: student_14
2024-11-13 21:39:24,289 - __main__ - INFO - Updated user: student_15
2024-11-13 21:39:24,424 - __main__ - INFO - Updated user: student_2
2024-11-13 21:39:24,539 - __main__ - INFO - Updated user: student_3
2024-11-13 21:39:24,656 - __main__ - INFO - Updated user: student_4
2024-11-13 21:39:24,773 - __main__ - INFO - Updated user: student_5
2024-11-13 21:39:24,872 - __main__ - INFO - Updated user: student_6
2024-11-13 21:39:24,989 - __main__ - INFO - Updated user: student_7
2024-11-13 21:39:25,105 - __main__ - INFO - Updated user: student_8
2024-11-13 21:39:25,105 - __main__ - INFO - Poll already exists: What is your preferred software development methodology?
2024-11-13 21:39:25,105 - __main__ - INFO - Poll already exists: Which architectural style do you favor for building scalable applications?
2024-11-13 21:39:25,105 - __main__ - INFO - Poll already exists: What is the most important factor when choosing a software architecture?
2024-11-13 21:39:25,105 - __main__ - INFO - Poll already exists: Which programming paradigm do you prefer for software development?
2024-11-13 21:39:25,105 - __main__ - INFO - Poll already exists: How often do you think software architecture should be reviewed and updated?
2024-11-13 21:39:25,122 - __main__ - INFO - Database initialized successfully
2024-11-13 21:39:25,122 - werkzeug - INFO - [31m[1mWARNING: This is a development server. Do not use it in a production deployment. Use a production WSGI server instead.[0m
 * Running on all addresses (0.0.0.0)
 * Running on http://127.0.0.1:5000
 * Running on http://192.168.1.103:5000
2024-11-13 21:39:25,122 - werkzeug - INFO - [33mPress CTRL+C to quit[0m
2024-11-13 21:39:27,206 - werkzeug - INFO - 127.0.0.1 - - [13/Nov/2024 21:39:27] "[32mGET / HTTP/1.1[0m" 302 -
2024-11-13 21:39:27,221 - werkzeug - INFO - 127.0.0.1 - - [13/Nov/2024 21:39:27] "GET /choose_login HTTP/1.1" 200 -
2024-11-13 21:39:27,290 - werkzeug - INFO - 127.0.0.1 - - [13/Nov/2024 21:39:27] "[33mGET /favicon.ico HTTP/1.1[0m" 404 -
2024-11-13 21:39:46,897 - app - ERROR - Exception on /login/student [POST]
Traceback (most recent call last):
  File "C:\Users\royat\AppData\Local\Programs\Python\Python312\Lib\site-packages\flask\app.py", line 1473, in wsgi_app
    response = self.full_dispatch_request()
               ^^^^^^^^^^^^^^^^^^^^^^^^^^^^
  File "C:\Users\royat\AppData\Local\Programs\Python\Python312\Lib\site-packages\flask\app.py", line 882, in full_dispatch_request
    rv = self.handle_user_exception(e)
         ^^^^^^^^^^^^^^^^^^^^^^^^^^^^^
  File "C:\Users\royat\AppData\Local\Programs\Python\Python312\Lib\site-packages\flask\app.py", line 880, in full_dispatch_request
    rv = self.dispatch_request()
         ^^^^^^^^^^^^^^^^^^^^^^^
  File "C:\Users\royat\AppData\Local\Programs\Python\Python312\Lib\site-packages\flask\app.py", line 865, in dispatch_request
    return self.ensure_sync(self.view_functions[rule.endpoint])(**view_args)  # type: ignore[no-any-return]
           ^^^^^^^^^^^^^^^^^^^^^^^^^^^^^^^^^^^^^^^^^^^^^^^^^^^^^^^^^^^^^^^^^
  File "D:\IIT jodhpur\SDE Mini Project\polling_platform\app.py", line 196, in student_login
    return self._handle_login('student', 'landing')
           ^^^^^^^^^^^^^^^^^^^^^^^^^^^^^^^^^^^^^^^^
  File "D:\IIT jodhpur\SDE Mini Project\polling_platform\app.py", line 212, in _handle_login
    login_user(user)
  File "C:\Users\royat\AppData\Local\Programs\Python\Python312\Lib\site-packages\flask_login\utils.py", line 180, in login_user
    if not force and not user.is_active:
                         ^^^^^^^^^^^^^^
AttributeError: 'User' object has no attribute 'is_active'
2024-11-13 21:39:46,912 - werkzeug - INFO - 127.0.0.1 - - [13/Nov/2024 21:39:46] "[35m[1mPOST /login/student HTTP/1.1[0m" 500 -
2024-11-14 00:38:00,465 - __main__ - INFO - Updated user: master_admin
2024-11-14 00:38:00,574 - __main__ - INFO - Updated user: local_admin_1
2024-11-14 00:38:00,683 - __main__ - INFO - Updated user: local_admin_2
2024-11-14 00:38:00,793 - __main__ - INFO - Updated user: local_admin_2
2024-11-14 00:38:00,902 - __main__ - INFO - Updated user: student_11
2024-11-14 00:38:01,011 - __main__ - INFO - Updated user: student_12
2024-11-14 00:38:01,121 - __main__ - INFO - Updated user: student_13
2024-11-14 00:38:01,230 - __main__ - INFO - Updated user: student_14
2024-11-14 00:38:01,339 - __main__ - INFO - Updated user: student_15
2024-11-14 00:38:01,449 - __main__ - INFO - Updated user: student_2
2024-11-14 00:38:01,558 - __main__ - INFO - Updated user: student_3
2024-11-14 00:38:01,668 - __main__ - INFO - Updated user: student_4
2024-11-14 00:38:01,777 - __main__ - INFO - Updated user: student_5
2024-11-14 00:38:01,886 - __main__ - INFO - Updated user: student_6
2024-11-14 00:38:01,996 - __main__ - INFO - Updated user: student_7
2024-11-14 00:38:02,105 - __main__ - INFO - Updated user: student_8
2024-11-14 00:38:02,105 - __main__ - INFO - Poll already exists: What is your preferred software development methodology?
2024-11-14 00:38:02,105 - __main__ - INFO - Poll already exists: Which architectural style do you favor for building scalable applications?
2024-11-14 00:38:02,105 - __main__ - INFO - Poll already exists: What is the most important factor when choosing a software architecture?
2024-11-14 00:38:02,105 - __main__ - INFO - Poll already exists: Which programming paradigm do you prefer for software development?
2024-11-14 00:38:02,105 - __main__ - INFO - Poll already exists: How often do you think software architecture should be reviewed and updated?
2024-11-14 00:38:02,121 - __main__ - INFO - Database initialized successfully
2024-11-14 00:38:02,136 - werkzeug - INFO - [31m[1mWARNING: This is a development server. Do not use it in a production deployment. Use a production WSGI server instead.[0m
 * Running on all addresses (0.0.0.0)
 * Running on http://127.0.0.1:5000
 * Running on http://192.168.60.113:5000
2024-11-14 00:38:02,136 - werkzeug - INFO - [33mPress CTRL+C to quit[0m
2024-11-14 00:38:03,917 - werkzeug - INFO - 127.0.0.1 - - [14/Nov/2024 00:38:03] "[32mGET / HTTP/1.1[0m" 302 -
2024-11-14 00:38:03,964 - werkzeug - INFO - 127.0.0.1 - - [14/Nov/2024 00:38:03] "GET /choose_login HTTP/1.1" 200 -
2024-11-14 00:38:04,100 - werkzeug - INFO - 127.0.0.1 - - [14/Nov/2024 00:38:04] "[33mGET /favicon.ico HTTP/1.1[0m" 404 -
2024-11-14 00:38:24,663 - app - ERROR - Exception on /login/student [POST]
Traceback (most recent call last):
  File "C:\Users\royat\AppData\Local\Programs\Python\Python312\Lib\site-packages\flask\app.py", line 1473, in wsgi_app
    response = self.full_dispatch_request()
               ^^^^^^^^^^^^^^^^^^^^^^^^^^^^
  File "C:\Users\royat\AppData\Local\Programs\Python\Python312\Lib\site-packages\flask\app.py", line 882, in full_dispatch_request
    rv = self.handle_user_exception(e)
         ^^^^^^^^^^^^^^^^^^^^^^^^^^^^^
  File "C:\Users\royat\AppData\Local\Programs\Python\Python312\Lib\site-packages\flask\app.py", line 880, in full_dispatch_request
    rv = self.dispatch_request()
         ^^^^^^^^^^^^^^^^^^^^^^^
  File "C:\Users\royat\AppData\Local\Programs\Python\Python312\Lib\site-packages\flask\app.py", line 865, in dispatch_request
    return self.ensure_sync(self.view_functions[rule.endpoint])(**view_args)  # type: ignore[no-any-return]
           ^^^^^^^^^^^^^^^^^^^^^^^^^^^^^^^^^^^^^^^^^^^^^^^^^^^^^^^^^^^^^^^^^
  File "D:\IIT jodhpur\SDE Mini Project\polling_platform\app.py", line 196, in student_login
    return self._handle_login('student', 'landing')
           ^^^^^^^^^^^^^^^^^^^^^^^^^^^^^^^^^^^^^^^^
  File "D:\IIT jodhpur\SDE Mini Project\polling_platform\app.py", line 212, in _handle_login
    login_user(user)
  File "C:\Users\royat\AppData\Local\Programs\Python\Python312\Lib\site-packages\flask_login\utils.py", line 180, in login_user
    if not force and not user.is_active:
                         ^^^^^^^^^^^^^^
AttributeError: 'User' object has no attribute 'is_active'
2024-11-14 00:38:24,680 - werkzeug - INFO - 127.0.0.1 - - [14/Nov/2024 00:38:24] "[35m[1mPOST /login/student HTTP/1.1[0m" 500 -
